<?xml version="1.0" encoding="UTF-8"?>
<coverage generated="1751872831425" clover="3.2.0">
  <project timestamp="1751872831426" name="All files">
    <metrics statements="131" coveredstatements="111" conditionals="109" coveredconditionals="97" methods="9" coveredmethods="7" elements="249" coveredelements="215" complexity="0" loc="131" ncloc="131" packages="1" files="3" classes="3"/>
    <file name="health.ts" path="D:\GSIORDERS\gsiorders.com\pages\api\health.ts">
      <metrics statements="8" coveredstatements="8" conditionals="6" coveredconditionals="4" methods="1" coveredmethods="1"/>
      <line num="3" count="1" type="stmt"/>
      <line num="7" count="4" type="cond" truecount="2" falsecount="0"/>
      <line num="8" count="1" type="stmt"/>
      <line num="11" count="3" type="stmt"/>
      <line num="13" count="3" type="stmt"/>
      <line num="21" count="2" type="stmt"/>
      <line num="23" count="1" type="stmt"/>
      <line num="24" count="1" type="stmt"/>
    </file>
    <file name="reviews.ts" path="D:\GSIORDERS\gsiorders.com\pages\api\reviews.ts">
      <metrics statements="61" coveredstatements="51" conditionals="55" coveredconditionals="50" methods="4" coveredmethods="3"/>
      <line num="2" count="1" type="stmt"/>
      <line num="4" count="1" type="stmt"/>
      <line num="16" count="1" type="stmt"/>
      <line num="20" count="19" type="cond" truecount="2" falsecount="0"/>
      <line num="21" count="9" type="stmt"/>
      <line num="22" count="10" type="cond" truecount="2" falsecount="0"/>
      <line num="23" count="8" type="stmt"/>
      <line num="25" count="2" type="stmt"/>
      <line num="30" count="9" type="stmt"/>
      <line num="31" count="9" type="stmt"/>
      <line num="34" count="9" type="cond" truecount="5" falsecount="0"/>
      <line num="35" count="1" type="stmt"/>
      <line num="41" count="8" type="cond" truecount="4" falsecount="0"/>
      <line num="42" count="1" type="stmt"/>
      <line num="48" count="7" type="cond" truecount="2" falsecount="0"/>
      <line num="49" count="1" type="stmt"/>
      <line num="54" count="6" type="cond" truecount="2" falsecount="0"/>
      <line num="55" count="1" type="stmt"/>
      <line num="61" count="5" type="stmt"/>
      <line num="63" count="5" type="stmt"/>
      <line num="71" count="5" type="stmt"/>
      <line num="77" count="5" type="cond" truecount="4" falsecount="0"/>
      <line num="78" count="3" type="stmt"/>
      <line num="82" count="2" type="stmt"/>
      <line num="89" count="2" type="cond" truecount="2" falsecount="0"/>
      <line num="90" count="1" type="stmt"/>
      <line num="96" count="1" type="stmt"/>
      <line num="108" count="1" type="cond" truecount="1" falsecount="1"/>
      <line num="109" count="0" type="stmt"/>
      <line num="110" count="0" type="stmt"/>
      <line num="113" count="1" type="stmt"/>
      <line num="115" count="1" type="stmt"/>
      <line num="128" count="0" type="stmt"/>
      <line num="129" count="0" type="stmt"/>
      <line num="134" count="8" type="stmt"/>
      <line num="135" count="8" type="cond" truecount="2" falsecount="0"/>
      <line num="137" count="8" type="cond" truecount="2" falsecount="0"/>
      <line num="138" count="1" type="stmt"/>
      <line num="141" count="7" type="stmt"/>
      <line num="142" count="7" type="stmt"/>
      <line num="145" count="7" type="cond" truecount="8" falsecount="0"/>
      <line num="148" count="1" type="stmt"/>
      <line num="151" count="6" type="stmt"/>
      <line num="153" count="6" type="stmt"/>
      <line num="156" count="6" type="stmt"/>
      <line num="172" count="6" type="cond" truecount="2" falsecount="0"/>
      <line num="173" count="3" type="stmt"/>
      <line num="174" count="3" type="stmt"/>
      <line num="178" count="3" type="stmt"/>
      <line num="184" count="3" type="cond" truecount="1" falsecount="1"/>
      <line num="185" count="0" type="stmt"/>
      <line num="186" count="0" type="stmt"/>
      <line num="190" count="3" type="stmt"/>
      <line num="196" count="3" type="stmt"/>
      <line num="197" count="3" type="cond" truecount="3" falsecount="1"/>
      <line num="198" count="0" type="stmt"/>
      <line num="199" count="0" type="stmt"/>
      <line num="202" count="3" type="cond" truecount="2" falsecount="0"/>
      <line num="204" count="3" type="stmt"/>
      <line num="217" count="0" type="stmt"/>
      <line num="218" count="0" type="stmt"/>
    </file>
    <file name="wishlist.ts" path="D:\GSIORDERS\gsiorders.com\pages\api\wishlist.ts">
      <metrics statements="62" coveredstatements="52" conditionals="48" coveredconditionals="43" methods="4" coveredmethods="3"/>
      <line num="2" count="1" type="stmt"/>
      <line num="4" count="1" type="stmt"/>
      <line num="16" count="1" type="stmt"/>
      <line num="20" count="18" type="cond" truecount="2" falsecount="0"/>
      <line num="21" count="11" type="stmt"/>
      <line num="22" count="7" type="cond" truecount="2" falsecount="0"/>
      <line num="23" count="5" type="stmt"/>
      <line num="25" count="2" type="stmt"/>
      <line num="30" count="11" type="stmt"/>
      <line num="31" count="11" type="stmt"/>
      <line num="34" count="11" type="cond" truecount="4" falsecount="0"/>
      <line num="35" count="1" type="stmt"/>
      <line num="41" count="10" type="cond" truecount="4" falsecount="0"/>
      <line num="42" count="1" type="stmt"/>
      <line num="48" count="9" type="stmt"/>
      <line num="50" count="9" type="stmt"/>
      <line num="57" count="9" type="stmt"/>
      <line num="63" count="9" type="cond" truecount="4" falsecount="0"/>
      <line num="64" count="5" type="stmt"/>
      <line num="68" count="4" type="stmt"/>
      <line num="75" count="4" type="stmt"/>
      <line num="77" count="4" type="cond" truecount="2" falsecount="0"/>
      <line num="78" count="2" type="cond" truecount="2" falsecount="0"/>
      <line num="79" count="1" type="stmt"/>
      <line num="86" count="1" type="stmt"/>
      <line num="93" count="1" type="cond" truecount="1" falsecount="1"/>
      <line num="94" count="0" type="stmt"/>
      <line num="95" count="0" type="stmt"/>
      <line num="98" count="1" type="stmt"/>
      <line num="100" count="1" type="stmt"/>
      <line num="107" count="2" type="cond" truecount="2" falsecount="0"/>
      <line num="108" count="1" type="stmt"/>
      <line num="115" count="1" type="stmt"/>
      <line num="121" count="1" type="cond" truecount="1" falsecount="1"/>
      <line num="122" count="0" type="stmt"/>
      <line num="123" count="0" type="stmt"/>
      <line num="126" count="1" type="stmt"/>
      <line num="128" count="1" type="stmt"/>
      <line num="136" count="0" type="stmt"/>
      <line num="137" count="0" type="stmt"/>
      <line num="142" count="5" type="stmt"/>
      <line num="143" count="5" type="cond" truecount="2" falsecount="0"/>
      <line num="146" count="5" type="stmt"/>
      <line num="148" count="5" type="stmt"/>
      <line num="149" count="5" type="stmt"/>
      <line num="152" count="5" type="cond" truecount="8" falsecount="0"/>
      <line num="155" count="1" type="stmt"/>
      <line num="158" count="4" type="stmt"/>
      <line num="160" count="4" type="stmt"/>
      <line num="163" count="4" type="stmt"/>
      <line num="182" count="4" type="cond" truecount="2" falsecount="0"/>
      <line num="183" count="2" type="stmt"/>
      <line num="184" count="2" type="stmt"/>
      <line num="188" count="2" type="stmt"/>
      <line num="193" count="2" type="cond" truecount="1" falsecount="1"/>
      <line num="194" count="0" type="stmt"/>
      <line num="195" count="0" type="stmt"/>
      <line num="199" count="2" type="cond" truecount="1" falsecount="1"/>
      <line num="204" count="2" type="stmt"/>
      <line num="206" count="2" type="stmt"/>
      <line num="218" count="0" type="stmt"/>
      <line num="219" count="0" type="stmt"/>
    </file>
  </project>
</coverage>
