{"D:\\GSIORDERS\\gsiorders.com\\pages\\api\\cart.ts": {"path":"D:\\GSIORDERS\\gsiorders.com\\pages\\api\\cart.ts","statementMap":{"0":{"start":{"line":46,"column":0},"end":{"line":46,"column":15}},"1":{"start":{"line":3,"column":0},"end":{"line":3,"column":53}},"2":{"start":{"line":34,"column":17},"end":{"line":43,"column":null}},"3":{"start":{"line":52,"column":17},"end":{"line":52,"column":55}},"4":{"start":{"line":54,"column":2},"end":{"line":56,"column":3}},"5":{"start":{"line":55,"column":4},"end":{"line":55,"column":70}},"6":{"start":{"line":58,"column":2},"end":{"line":78,"column":3}},"7":{"start":{"line":59,"column":4},"end":{"line":74,"column":5}},"8":{"start":{"line":61,"column":8},"end":{"line":61,"column":42}},"9":{"start":{"line":64,"column":8},"end":{"line":64,"column":49}},"10":{"start":{"line":67,"column":8},"end":{"line":67,"column":54}},"11":{"start":{"line":70,"column":8},"end":{"line":70,"column":54}},"12":{"start":{"line":73,"column":8},"end":{"line":73,"column":69}},"13":{"start":{"line":76,"column":4},"end":{"line":76,"column":46}},"14":{"start":{"line":77,"column":4},"end":{"line":77,"column":61}},"15":{"start":{"line":83,"column":2},"end":{"line":83,"column":54}},"16":{"start":{"line":85,"column":37},"end":{"line":109,"column":46}},"17":{"start":{"line":111,"column":2},"end":{"line":114,"column":3}},"18":{"start":{"line":112,"column":4},"end":{"line":112,"column":51}},"19":{"start":{"line":113,"column":4},"end":{"line":113,"column":67}},"20":{"start":{"line":118,"column":4},"end":{"line":121,"column":14}},"21":{"start":{"line":119,"column":20},"end":{"line":119,"column":45}},"22":{"start":{"line":120,"column":6},"end":{"line":120,"column":41}},"23":{"start":{"line":124,"column":4},"end":{"line":124,"column":65}},"24":{"start":{"line":124,"column":37},"end":{"line":124,"column":56}},"25":{"start":{"line":126,"column":2},"end":{"line":128,"column":4}},"26":{"start":{"line":130,"column":2},"end":{"line":134,"column":5}},"27":{"start":{"line":143,"column":39},"end":{"line":143,"column":47}},"28":{"start":{"line":145,"column":2},"end":{"line":150,"column":3}},"29":{"start":{"line":146,"column":4},"end":{"line":149,"column":7}},"30":{"start":{"line":152,"column":2},"end":{"line":157,"column":3}},"31":{"start":{"line":153,"column":4},"end":{"line":156,"column":7}},"32":{"start":{"line":159,"column":2},"end":{"line":161,"column":4}},"33":{"start":{"line":164,"column":49},"end":{"line":168,"column":13}},"34":{"start":{"line":170,"column":2},"end":{"line":174,"column":3}},"35":{"start":{"line":171,"column":4},"end":{"line":173,"column":7}},"36":{"start":{"line":176,"column":2},"end":{"line":181,"column":3}},"37":{"start":{"line":177,"column":4},"end":{"line":180,"column":7}},"38":{"start":{"line":184,"column":33},"end":{"line":189,"column":13}},"39":{"start":{"line":191,"column":2},"end":{"line":230,"column":3}},"40":{"start":{"line":193,"column":24},"end":{"line":193,"column":56}},"41":{"start":{"line":195,"column":4},"end":{"line":200,"column":5}},"42":{"start":{"line":196,"column":6},"end":{"line":199,"column":9}},"43":{"start":{"line":202,"column":35},"end":{"line":208,"column":32}},"44":{"start":{"line":210,"column":4},"end":{"line":213,"column":5}},"45":{"start":{"line":211,"column":6},"end":{"line":211,"column":64}},"46":{"start":{"line":212,"column":6},"end":{"line":212,"column":70}},"47":{"start":{"line":215,"column":4},"end":{"line":215,"column":79}},"48":{"start":{"line":218,"column":35},"end":{"line":222,"column":6}},"49":{"start":{"line":224,"column":4},"end":{"line":227,"column":5}},"50":{"start":{"line":225,"column":6},"end":{"line":225,"column":60}},"51":{"start":{"line":226,"column":6},"end":{"line":226,"column":70}},"52":{"start":{"line":229,"column":4},"end":{"line":229,"column":69}},"53":{"start":{"line":233,"column":2},"end":{"line":233,"column":36}},"54":{"start":{"line":242,"column":35},"end":{"line":242,"column":43}},"55":{"start":{"line":244,"column":2},"end":{"line":249,"column":3}},"56":{"start":{"line":245,"column":4},"end":{"line":248,"column":7}},"57":{"start":{"line":251,"column":2},"end":{"line":256,"column":3}},"58":{"start":{"line":252,"column":4},"end":{"line":255,"column":7}},"59":{"start":{"line":258,"column":2},"end":{"line":258,"column":79}},"60":{"start":{"line":260,"column":2},"end":{"line":291,"column":3}},"61":{"start":{"line":262,"column":22},"end":{"line":266,"column":35}},"62":{"start":{"line":268,"column":4},"end":{"line":271,"column":5}},"63":{"start":{"line":269,"column":6},"end":{"line":269,"column":58}},"64":{"start":{"line":270,"column":6},"end":{"line":270,"column":70}},"65":{"start":{"line":273,"column":4},"end":{"line":273,"column":54}},"66":{"start":{"line":276,"column":22},"end":{"line":283,"column":35}},"67":{"start":{"line":285,"column":4},"end":{"line":288,"column":5}},"68":{"start":{"line":286,"column":6},"end":{"line":286,"column":58}},"69":{"start":{"line":287,"column":6},"end":{"line":287,"column":70}},"70":{"start":{"line":290,"column":4},"end":{"line":290,"column":79}},"71":{"start":{"line":294,"column":2},"end":{"line":294,"column":36}},"72":{"start":{"line":303,"column":25},"end":{"line":303,"column":34}},"73":{"start":{"line":306,"column":2},"end":{"line":327,"column":3}},"74":{"start":{"line":307,"column":4},"end":{"line":307,"column":64}},"75":{"start":{"line":309,"column":22},"end":{"line":312,"column":28}},"76":{"start":{"line":314,"column":4},"end":{"line":317,"column":5}},"77":{"start":{"line":315,"column":6},"end":{"line":315,"column":53}},"78":{"start":{"line":316,"column":6},"end":{"line":316,"column":69}},"79":{"start":{"line":319,"column":4},"end":{"line":319,"column":61}},"80":{"start":{"line":322,"column":4},"end":{"line":326,"column":7}},"81":{"start":{"line":330,"column":2},"end":{"line":330,"column":75}},"82":{"start":{"line":332,"column":20},"end":{"line":336,"column":33}},"83":{"start":{"line":338,"column":2},"end":{"line":341,"column":3}},"84":{"start":{"line":339,"column":4},"end":{"line":339,"column":56}},"85":{"start":{"line":340,"column":4},"end":{"line":340,"column":73}},"86":{"start":{"line":343,"column":2},"end":{"line":343,"column":52}},"87":{"start":{"line":346,"column":2},"end":{"line":346,"column":36}}},"fnMap":{"0":{"name":"handler","decl":{"start":{"line":46,"column":30},"end":{"line":46,"column":37}},"loc":{"start":{"line":48,"column":74},"end":{"line":79,"column":1}}},"1":{"name":"getCart","decl":{"start":{"line":82,"column":15},"end":{"line":82,"column":22}},"loc":{"start":{"line":82,"column":59},"end":{"line":135,"column":1}}},"2":{"name":"(anonymous_2)","decl":{"start":{"line":118,"column":22},"end":{"line":118,"column":23}},"loc":{"start":{"line":118,"column":36},"end":{"line":121,"column":5}}},"3":{"name":"(anonymous_3)","decl":{"start":{"line":124,"column":22},"end":{"line":124,"column":23}},"loc":{"start":{"line":124,"column":37},"end":{"line":124,"column":56}}},"4":{"name":"addToCart","decl":{"start":{"line":138,"column":15},"end":{"line":138,"column":24}},"loc":{"start":{"line":141,"column":16},"end":{"line":234,"column":1}}},"5":{"name":"updateCartItem","decl":{"start":{"line":237,"column":15},"end":{"line":237,"column":29}},"loc":{"start":{"line":240,"column":16},"end":{"line":295,"column":1}}},"6":{"name":"removeFromCart","decl":{"start":{"line":298,"column":15},"end":{"line":298,"column":29}},"loc":{"start":{"line":301,"column":16},"end":{"line":347,"column":1}}}},"branchMap":{"0":{"loc":{"start":{"line":54,"column":2},"end":{"line":56,"column":3}},"type":"if","locations":[{"start":{"line":54,"column":2},"end":{"line":56,"column":3}},{"start":{},"end":{}}]},"1":{"loc":{"start":{"line":59,"column":4},"end":{"line":74,"column":5}},"type":"switch","locations":[{"start":{"line":60,"column":6},"end":{"line":61,"column":42}},{"start":{"line":63,"column":6},"end":{"line":64,"column":49}},{"start":{"line":66,"column":6},"end":{"line":67,"column":54}},{"start":{"line":69,"column":6},"end":{"line":70,"column":54}},{"start":{"line":72,"column":6},"end":{"line":73,"column":69}}]},"2":{"loc":{"start":{"line":111,"column":2},"end":{"line":114,"column":3}},"type":"if","locations":[{"start":{"line":111,"column":2},"end":{"line":114,"column":3}},{"start":{},"end":{}}]},"3":{"loc":{"start":{"line":118,"column":4},"end":{"line":121,"column":14}},"type":"binary-expr","locations":[{"start":{"line":118,"column":4},"end":{"line":121,"column":9}},{"start":{"line":121,"column":13},"end":{"line":121,"column":14}}]},"4":{"loc":{"start":{"line":119,"column":20},"end":{"line":119,"column":45}},"type":"binary-expr","locations":[{"start":{"line":119,"column":20},"end":{"line":119,"column":40}},{"start":{"line":119,"column":44},"end":{"line":119,"column":45}}]},"5":{"loc":{"start":{"line":124,"column":4},"end":{"line":124,"column":65}},"type":"binary-expr","locations":[{"start":{"line":124,"column":4},"end":{"line":124,"column":60}},{"start":{"line":124,"column":64},"end":{"line":124,"column":65}}]},"6":{"loc":{"start":{"line":131,"column":11},"end":{"line":131,"column":26}},"type":"binary-expr","locations":[{"start":{"line":131,"column":11},"end":{"line":131,"column":20}},{"start":{"line":131,"column":24},"end":{"line":131,"column":26}}]},"7":{"loc":{"start":{"line":143,"column":22},"end":{"line":143,"column":34}},"type":"default-arg","locations":[{"start":{"line":143,"column":33},"end":{"line":143,"column":34}}]},"8":{"loc":{"start":{"line":145,"column":2},"end":{"line":150,"column":3}},"type":"if","locations":[{"start":{"line":145,"column":2},"end":{"line":150,"column":3}},{"start":{},"end":{}}]},"9":{"loc":{"start":{"line":152,"column":2},"end":{"line":157,"column":3}},"type":"if","locations":[{"start":{"line":152,"column":2},"end":{"line":157,"column":3}},{"start":{},"end":{}}]},"10":{"loc":{"start":{"line":152,"column":6},"end":{"line":152,"column":35}},"type":"binary-expr","locations":[{"start":{"line":152,"column":6},"end":{"line":152,"column":18}},{"start":{"line":152,"column":22},"end":{"line":152,"column":35}}]},"11":{"loc":{"start":{"line":170,"column":2},"end":{"line":174,"column":3}},"type":"if","locations":[{"start":{"line":170,"column":2},"end":{"line":174,"column":3}},{"start":{},"end":{}}]},"12":{"loc":{"start":{"line":170,"column":6},"end":{"line":170,"column":30}},"type":"binary-expr","locations":[{"start":{"line":170,"column":6},"end":{"line":170,"column":18}},{"start":{"line":170,"column":22},"end":{"line":170,"column":30}}]},"13":{"loc":{"start":{"line":176,"column":2},"end":{"line":181,"column":3}},"type":"if","locations":[{"start":{"line":176,"column":2},"end":{"line":181,"column":3}},{"start":{},"end":{}}]},"14":{"loc":{"start":{"line":191,"column":2},"end":{"line":230,"column":3}},"type":"if","locations":[{"start":{"line":191,"column":2},"end":{"line":230,"column":3}},{"start":{"line":216,"column":9},"end":{"line":230,"column":3}}]},"15":{"loc":{"start":{"line":195,"column":4},"end":{"line":200,"column":5}},"type":"if","locations":[{"start":{"line":195,"column":4},"end":{"line":200,"column":5}},{"start":{},"end":{}}]},"16":{"loc":{"start":{"line":210,"column":4},"end":{"line":213,"column":5}},"type":"if","locations":[{"start":{"line":210,"column":4},"end":{"line":213,"column":5}},{"start":{},"end":{}}]},"17":{"loc":{"start":{"line":224,"column":4},"end":{"line":227,"column":5}},"type":"if","locations":[{"start":{"line":224,"column":4},"end":{"line":227,"column":5}},{"start":{},"end":{}}]},"18":{"loc":{"start":{"line":244,"column":2},"end":{"line":249,"column":3}},"type":"if","locations":[{"start":{"line":244,"column":2},"end":{"line":249,"column":3}},{"start":{},"end":{}}]},"19":{"loc":{"start":{"line":244,"column":6},"end":{"line":244,"column":43}},"type":"binary-expr","locations":[{"start":{"line":244,"column":6},"end":{"line":244,"column":17}},{"start":{"line":244,"column":21},"end":{"line":244,"column":43}}]},"20":{"loc":{"start":{"line":251,"column":2},"end":{"line":256,"column":3}},"type":"if","locations":[{"start":{"line":251,"column":2},"end":{"line":256,"column":3}},{"start":{},"end":{}}]},"21":{"loc":{"start":{"line":251,"column":6},"end":{"line":251,"column":35}},"type":"binary-expr","locations":[{"start":{"line":251,"column":6},"end":{"line":251,"column":18}},{"start":{"line":251,"column":22},"end":{"line":251,"column":35}}]},"22":{"loc":{"start":{"line":260,"column":2},"end":{"line":291,"column":3}},"type":"if","locations":[{"start":{"line":260,"column":2},"end":{"line":291,"column":3}},{"start":{"line":274,"column":9},"end":{"line":291,"column":3}}]},"23":{"loc":{"start":{"line":268,"column":4},"end":{"line":271,"column":5}},"type":"if","locations":[{"start":{"line":268,"column":4},"end":{"line":271,"column":5}},{"start":{},"end":{}}]},"24":{"loc":{"start":{"line":285,"column":4},"end":{"line":288,"column":5}},"type":"if","locations":[{"start":{"line":285,"column":4},"end":{"line":288,"column":5}},{"start":{},"end":{}}]},"25":{"loc":{"start":{"line":306,"column":2},"end":{"line":327,"column":3}},"type":"if","locations":[{"start":{"line":306,"column":2},"end":{"line":327,"column":3}},{"start":{},"end":{}}]},"26":{"loc":{"start":{"line":314,"column":4},"end":{"line":317,"column":5}},"type":"if","locations":[{"start":{"line":314,"column":4},"end":{"line":317,"column":5}},{"start":{},"end":{}}]},"27":{"loc":{"start":{"line":338,"column":2},"end":{"line":341,"column":3}},"type":"if","locations":[{"start":{"line":338,"column":2},"end":{"line":341,"column":3}},{"start":{},"end":{}}]}},"s":{"0":1,"1":1,"2":1,"3":23,"4":23,"5":0,"6":23,"7":23,"8":2,"9":10,"10":5,"11":4,"12":2,"13":0,"14":0,"15":7,"16":7,"17":7,"18":1,"19":1,"20":6,"21":3,"22":3,"23":6,"24":3,"25":6,"26":6,"27":10,"28":10,"29":1,"30":9,"31":1,"32":8,"33":8,"34":8,"35":4,"36":4,"37":1,"38":3,"39":3,"40":2,"41":2,"42":1,"43":1,"44":1,"45":0,"46":0,"47":1,"48":1,"49":1,"50":0,"51":0,"52":1,"53":2,"54":5,"55":5,"56":1,"57":4,"58":1,"59":3,"60":3,"61":1,"62":1,"63":0,"64":0,"65":1,"66":2,"67":2,"68":1,"69":1,"70":1,"71":2,"72":4,"73":4,"74":2,"75":2,"76":2,"77":1,"78":1,"79":1,"80":1,"81":2,"82":2,"83":2,"84":1,"85":1,"86":1,"87":1},"f":{"0":23,"1":7,"2":3,"3":3,"4":10,"5":5,"6":4},"b":{"0":[0,23],"1":[2,10,5,4,2],"2":[1,6],"3":[6,3],"4":[3,0],"5":[6,3],"6":[6,0],"7":[0],"8":[1,9],"9":[1,8],"10":[9,8],"11":[4,4],"12":[8,5],"13":[1,3],"14":[2,1],"15":[1,1],"16":[0,1],"17":[0,1],"18":[1,4],"19":[5,4],"20":[1,3],"21":[4,4],"22":[1,2],"23":[0,1],"24":[1,1],"25":[2,2],"26":[1,1],"27":[1,1]}}
,"D:\\GSIORDERS\\gsiorders.com\\pages\\api\\checkout.ts": {"path":"D:\\GSIORDERS\\gsiorders.com\\pages\\api\\checkout.ts","statementMap":{"0":{"start":{"line":9,"column":0},"end":{"line":9,"column":15}},"1":{"start":{"line":3,"column":0},"end":{"line":3,"column":28}},"2":{"start":{"line":5,"column":15},"end":{"line":7,"column":2}},"3":{"start":{"line":13,"column":2},"end":{"line":15,"column":3}},"4":{"start":{"line":14,"column":4},"end":{"line":14,"column":53}},"5":{"start":{"line":17,"column":2},"end":{"line":60,"column":3}},"6":{"start":{"line":18,"column":34},"end":{"line":18,"column":42}},"7":{"start":{"line":20,"column":4},"end":{"line":22,"column":5}},"8":{"start":{"line":21,"column":6},"end":{"line":21,"column":63}},"9":{"start":{"line":24,"column":20},"end":{"line":44,"column":6}},"10":{"start":{"line":26,"column":48},"end":{"line":35,"column":8}},"11":{"start":{"line":46,"column":4},"end":{"line":50,"column":7}},"12":{"start":{"line":52,"column":4},"end":{"line":56,"column":7}},"13":{"start":{"line":58,"column":4},"end":{"line":58,"column":60}},"14":{"start":{"line":59,"column":4},"end":{"line":59,"column":51}}},"fnMap":{"0":{"name":"handler","decl":{"start":{"line":9,"column":30},"end":{"line":9,"column":37}},"loc":{"start":{"line":11,"column":22},"end":{"line":61,"column":1}}},"1":{"name":"(anonymous_2)","decl":{"start":{"line":26,"column":32},"end":{"line":26,"column":33}},"loc":{"start":{"line":26,"column":48},"end":{"line":35,"column":8}}}},"branchMap":{"0":{"loc":{"start":{"line":13,"column":2},"end":{"line":15,"column":3}},"type":"if","locations":[{"start":{"line":13,"column":2},"end":{"line":15,"column":3}},{"start":{},"end":{}}]},"1":{"loc":{"start":{"line":20,"column":4},"end":{"line":22,"column":5}},"type":"if","locations":[{"start":{"line":20,"column":4},"end":{"line":22,"column":5}},{"start":{},"end":{}}]},"2":{"loc":{"start":{"line":38,"column":8},"end":{"line":38,"column":null}},"type":"binary-expr","locations":[{"start":{"line":38,"column":8},"end":{"line":38,"column":26}},{"start":{"line":38,"column":30},"end":{"line":38,"column":null}}]},"3":{"loc":{"start":{"line":40,"column":21},"end":{"line":40,"column":66}},"type":"binary-expr","locations":[{"start":{"line":40,"column":21},"end":{"line":40,"column":39}},{"start":{"line":40,"column":43},"end":{"line":40,"column":66}}]}},"s":{"0":1,"1":1,"2":1,"3":6,"4":1,"5":5,"6":5,"7":5,"8":1,"9":4,"10":3,"11":1,"12":1,"13":3,"14":3},"f":{"0":6,"1":3},"b":{"0":[1,5],"1":[1,4],"2":[4,4],"3":[4,4]}}
}
