{"D:\\GSIORDERS\\gsiorders.com\\pages\\api\\reviews.ts": {"path":"D:\\GSIORDERS\\gsiorders.com\\pages\\api\\reviews.ts","statementMap":{"0":{"start":{"line":16,"column":0},"end":{"line":16,"column":15}},"1":{"start":{"line":2,"column":0},"end":{"line":2,"column":53}},"2":{"start":{"line":4,"column":17},"end":{"line":13,"column":null}},"3":{"start":{"line":20,"column":2},"end":{"line":26,"column":3}},"4":{"start":{"line":21,"column":4},"end":{"line":21,"column":40}},"5":{"start":{"line":22,"column":9},"end":{"line":26,"column":3}},"6":{"start":{"line":23,"column":4},"end":{"line":23,"column":38}},"7":{"start":{"line":25,"column":4},"end":{"line":25,"column":65}},"8":{"start":{"line":30,"column":2},"end":{"line":130,"column":3}},"9":{"start":{"line":31,"column":43},"end":{"line":31,"column":51}},"10":{"start":{"line":34,"column":4},"end":{"line":38,"column":5}},"11":{"start":{"line":35,"column":6},"end":{"line":37,"column":9}},"12":{"start":{"line":41,"column":4},"end":{"line":45,"column":5}},"13":{"start":{"line":42,"column":6},"end":{"line":44,"column":9}},"14":{"start":{"line":48,"column":4},"end":{"line":52,"column":5}},"15":{"start":{"line":49,"column":6},"end":{"line":51,"column":9}},"16":{"start":{"line":54,"column":4},"end":{"line":58,"column":5}},"17":{"start":{"line":55,"column":6},"end":{"line":57,"column":9}},"18":{"start":{"line":61,"column":19},"end":{"line":61,"column":57}},"19":{"start":{"line":63,"column":4},"end":{"line":68,"column":7}},"20":{"start":{"line":71,"column":51},"end":{"line":75,"column":15}},"21":{"start":{"line":77,"column":4},"end":{"line":79,"column":5}},"22":{"start":{"line":78,"column":6},"end":{"line":78,"column":66}},"23":{"start":{"line":82,"column":59},"end":{"line":87,"column":15}},"24":{"start":{"line":89,"column":4},"end":{"line":93,"column":5}},"25":{"start":{"line":90,"column":6},"end":{"line":92,"column":9}},"26":{"start":{"line":96,"column":52},"end":{"line":106,"column":15}},"27":{"start":{"line":108,"column":4},"end":{"line":111,"column":5}},"28":{"start":{"line":109,"column":6},"end":{"line":109,"column":61}},"29":{"start":{"line":110,"column":6},"end":{"line":110,"column":72}},"30":{"start":{"line":113,"column":4},"end":{"line":113,"column":64}},"31":{"start":{"line":115,"column":4},"end":{"line":125,"column":7}},"32":{"start":{"line":128,"column":4},"end":{"line":128,"column":53}},"33":{"start":{"line":129,"column":4},"end":{"line":129,"column":61}},"34":{"start":{"line":134,"column":2},"end":{"line":211,"column":3}},"35":{"start":{"line":135,"column":52},"end":{"line":135,"column":61}},"36":{"start":{"line":137,"column":4},"end":{"line":139,"column":5}},"37":{"start":{"line":138,"column":6},"end":{"line":138,"column":71}},"38":{"start":{"line":141,"column":20},"end":{"line":141,"column":49}},"39":{"start":{"line":142,"column":21},"end":{"line":142,"column":52}},"40":{"start":{"line":143,"column":19},"end":{"line":143,"column":43}},"41":{"start":{"line":145,"column":4},"end":{"line":145,"column":81}},"42":{"start":{"line":148,"column":51},"end":{"line":162,"column":43}},"43":{"start":{"line":164,"column":4},"end":{"line":167,"column":5}},"44":{"start":{"line":165,"column":6},"end":{"line":165,"column":63}},"45":{"start":{"line":166,"column":6},"end":{"line":166,"column":72}},"46":{"start":{"line":170,"column":41},"end":{"line":174,"column":27}},"47":{"start":{"line":176,"column":4},"end":{"line":179,"column":5}},"48":{"start":{"line":177,"column":6},"end":{"line":177,"column":61}},"49":{"start":{"line":178,"column":6},"end":{"line":178,"column":72}},"50":{"start":{"line":182,"column":53},"end":{"line":186,"column":27}},"51":{"start":{"line":188,"column":24},"end":{"line":188,"column":25}},"52":{"start":{"line":189,"column":4},"end":{"line":192,"column":5}},"53":{"start":{"line":190,"column":20},"end":{"line":190,"column":78}},"54":{"start":{"line":190,"column":55},"end":{"line":190,"column":74}},"55":{"start":{"line":191,"column":6},"end":{"line":191,"column":48}},"56":{"start":{"line":194,"column":4},"end":{"line":194,"column":60}},"57":{"start":{"line":196,"column":4},"end":{"line":206,"column":7}},"58":{"start":{"line":209,"column":4},"end":{"line":209,"column":51}},"59":{"start":{"line":210,"column":4},"end":{"line":210,"column":61}}},"fnMap":{"0":{"name":"handler","decl":{"start":{"line":16,"column":30},"end":{"line":16,"column":37}},"loc":{"start":{"line":18,"column":22},"end":{"line":27,"column":1}}},"1":{"name":"createReview","decl":{"start":{"line":29,"column":15},"end":{"line":29,"column":27}},"loc":{"start":{"line":29,"column":69},"end":{"line":131,"column":1}}},"2":{"name":"getReviews","decl":{"start":{"line":133,"column":15},"end":{"line":133,"column":25}},"loc":{"start":{"line":133,"column":67},"end":{"line":212,"column":1}}},"3":{"name":"(anonymous_3)","decl":{"start":{"line":190,"column":38},"end":{"line":190,"column":39}},"loc":{"start":{"line":190,"column":55},"end":{"line":190,"column":74}}}},"branchMap":{"0":{"loc":{"start":{"line":20,"column":2},"end":{"line":26,"column":3}},"type":"if","locations":[{"start":{"line":20,"column":2},"end":{"line":26,"column":3}},{"start":{"line":22,"column":9},"end":{"line":26,"column":3}}]},"1":{"loc":{"start":{"line":22,"column":9},"end":{"line":26,"column":3}},"type":"if","locations":[{"start":{"line":22,"column":9},"end":{"line":26,"column":3}},{"start":{"line":24,"column":9},"end":{"line":26,"column":3}}]},"2":{"loc":{"start":{"line":34,"column":4},"end":{"line":38,"column":5}},"type":"if","locations":[{"start":{"line":34,"column":4},"end":{"line":38,"column":5}},{"start":{},"end":{}}]},"3":{"loc":{"start":{"line":34,"column":8},"end":{"line":34,"column":41}},"type":"binary-expr","locations":[{"start":{"line":34,"column":8},"end":{"line":34,"column":18}},{"start":{"line":34,"column":22},"end":{"line":34,"column":29}},{"start":{"line":34,"column":33},"end":{"line":34,"column":41}}]},"4":{"loc":{"start":{"line":41,"column":4},"end":{"line":45,"column":5}},"type":"if","locations":[{"start":{"line":41,"column":4},"end":{"line":45,"column":5}},{"start":{},"end":{}}]},"5":{"loc":{"start":{"line":41,"column":8},"end":{"line":41,"column":32}},"type":"binary-expr","locations":[{"start":{"line":41,"column":8},"end":{"line":41,"column":18}},{"start":{"line":41,"column":22},"end":{"line":41,"column":32}}]},"6":{"loc":{"start":{"line":48,"column":4},"end":{"line":52,"column":5}},"type":"if","locations":[{"start":{"line":48,"column":4},"end":{"line":52,"column":5}},{"start":{},"end":{}}]},"7":{"loc":{"start":{"line":54,"column":4},"end":{"line":58,"column":5}},"type":"if","locations":[{"start":{"line":54,"column":4},"end":{"line":58,"column":5}},{"start":{},"end":{}}]},"8":{"loc":{"start":{"line":77,"column":4},"end":{"line":79,"column":5}},"type":"if","locations":[{"start":{"line":77,"column":4},"end":{"line":79,"column":5}},{"start":{},"end":{}}]},"9":{"loc":{"start":{"line":77,"column":8},"end":{"line":77,"column":32}},"type":"binary-expr","locations":[{"start":{"line":77,"column":8},"end":{"line":77,"column":20}},{"start":{"line":77,"column":24},"end":{"line":77,"column":32}}]},"10":{"loc":{"start":{"line":89,"column":4},"end":{"line":93,"column":5}},"type":"if","locations":[{"start":{"line":89,"column":4},"end":{"line":93,"column":5}},{"start":{},"end":{}}]},"11":{"loc":{"start":{"line":108,"column":4},"end":{"line":111,"column":5}},"type":"if","locations":[{"start":{"line":108,"column":4},"end":{"line":111,"column":5}},{"start":{},"end":{}}]},"12":{"loc":{"start":{"line":135,"column":23},"end":{"line":135,"column":33}},"type":"default-arg","locations":[{"start":{"line":135,"column":30},"end":{"line":135,"column":33}}]},"13":{"loc":{"start":{"line":135,"column":35},"end":{"line":135,"column":47}},"type":"default-arg","locations":[{"start":{"line":135,"column":43},"end":{"line":135,"column":47}}]},"14":{"loc":{"start":{"line":137,"column":4},"end":{"line":139,"column":5}},"type":"if","locations":[{"start":{"line":137,"column":4},"end":{"line":139,"column":5}},{"start":{},"end":{}}]},"15":{"loc":{"start":{"line":141,"column":20},"end":{"line":141,"column":49}},"type":"binary-expr","locations":[{"start":{"line":141,"column":20},"end":{"line":141,"column":44}},{"start":{"line":141,"column":48},"end":{"line":141,"column":49}}]},"16":{"loc":{"start":{"line":142,"column":21},"end":{"line":142,"column":52}},"type":"binary-expr","locations":[{"start":{"line":142,"column":21},"end":{"line":142,"column":46}},{"start":{"line":142,"column":50},"end":{"line":142,"column":52}}]},"17":{"loc":{"start":{"line":164,"column":4},"end":{"line":167,"column":5}},"type":"if","locations":[{"start":{"line":164,"column":4},"end":{"line":167,"column":5}},{"start":{},"end":{}}]},"18":{"loc":{"start":{"line":176,"column":4},"end":{"line":179,"column":5}},"type":"if","locations":[{"start":{"line":176,"column":4},"end":{"line":179,"column":5}},{"start":{},"end":{}}]},"19":{"loc":{"start":{"line":189,"column":4},"end":{"line":192,"column":5}},"type":"if","locations":[{"start":{"line":189,"column":4},"end":{"line":192,"column":5}},{"start":{},"end":{}}]},"20":{"loc":{"start":{"line":189,"column":8},"end":{"line":189,"column":43}},"type":"binary-expr","locations":[{"start":{"line":189,"column":8},"end":{"line":189,"column":18}},{"start":{"line":189,"column":22},"end":{"line":189,"column":43}}]},"21":{"loc":{"start":{"line":194,"column":27},"end":{"line":194,"column":47}},"type":"binary-expr","locations":[{"start":{"line":194,"column":27},"end":{"line":194,"column":42}},{"start":{"line":194,"column":46},"end":{"line":194,"column":47}}]},"22":{"loc":{"start":{"line":194,"column":27},"end":{"line":194,"column":42}},"type":"cond-expr","locations":[{"start":{"line":194,"column":34},"end":{"line":194,"column":36}},{"start":{"line":194,"column":27},"end":{"line":194,"column":42}}]},"23":{"loc":{"start":{"line":194,"column":27},"end":{"line":194,"column":36}},"type":"binary-expr","locations":[{"start":{"line":194,"column":27},"end":{"line":194,"column":36}},{"start":{"line":194,"column":27},"end":{"line":194,"column":36}}]},"24":{"loc":{"start":{"line":197,"column":15},"end":{"line":197,"column":28}},"type":"binary-expr","locations":[{"start":{"line":197,"column":15},"end":{"line":197,"column":22}},{"start":{"line":197,"column":26},"end":{"line":197,"column":28}}]},"25":{"loc":{"start":{"line":201,"column":15},"end":{"line":201,"column":25}},"type":"binary-expr","locations":[{"start":{"line":201,"column":15},"end":{"line":201,"column":20}},{"start":{"line":201,"column":24},"end":{"line":201,"column":25}}]},"26":{"loc":{"start":{"line":202,"column":31},"end":{"line":202,"column":41}},"type":"binary-expr","locations":[{"start":{"line":202,"column":31},"end":{"line":202,"column":36}},{"start":{"line":202,"column":40},"end":{"line":202,"column":41}}]},"27":{"loc":{"start":{"line":205,"column":20},"end":{"line":205,"column":30}},"type":"binary-expr","locations":[{"start":{"line":205,"column":20},"end":{"line":205,"column":25}},{"start":{"line":205,"column":29},"end":{"line":205,"column":30}}]}},"s":{"0":1,"1":1,"2":1,"3":17,"4":11,"5":6,"6":3,"7":3,"8":11,"9":11,"10":11,"11":3,"12":8,"13":2,"14":6,"15":1,"16":5,"17":1,"18":4,"19":4,"20":4,"21":4,"22":4,"23":0,"24":0,"25":0,"26":0,"27":0,"28":0,"29":0,"30":0,"31":0,"32":0,"33":0,"34":3,"35":3,"36":3,"37":1,"38":2,"39":2,"40":2,"41":2,"42":2,"43":2,"44":0,"45":0,"46":2,"47":2,"48":0,"49":0,"50":2,"51":2,"52":2,"53":0,"54":0,"55":0,"56":2,"57":2,"58":0,"59":0},"f":{"0":17,"1":11,"2":3,"3":0},"b":{"0":[11,6],"1":[3,3],"2":[3,8],"3":[11,10,9],"4":[2,6],"5":[8,7],"6":[1,5],"7":[1,4],"8":[4,0],"9":[4,4],"10":[0,0],"11":[0,0],"12":[2],"13":[2],"14":[1,2],"15":[2,0],"16":[2,0],"17":[0,2],"18":[0,2],"19":[0,2],"20":[2,0],"21":[2,2],"22":[2,0],"23":[2,2],"24":[2,2],"25":[2,2],"26":[2,2],"27":[2,2]}}
,"D:\\GSIORDERS\\gsiorders.com\\pages\\api\\wishlist.ts": {"path":"D:\\GSIORDERS\\gsiorders.com\\pages\\api\\wishlist.ts","statementMap":{"0":{"start":{"line":16,"column":0},"end":{"line":16,"column":15}},"1":{"start":{"line":2,"column":0},"end":{"line":2,"column":53}},"2":{"start":{"line":4,"column":17},"end":{"line":13,"column":null}},"3":{"start":{"line":20,"column":2},"end":{"line":26,"column":3}},"4":{"start":{"line":21,"column":4},"end":{"line":21,"column":42}},"5":{"start":{"line":22,"column":9},"end":{"line":26,"column":3}},"6":{"start":{"line":23,"column":4},"end":{"line":23,"column":43}},"7":{"start":{"line":25,"column":4},"end":{"line":25,"column":65}},"8":{"start":{"line":30,"column":2},"end":{"line":138,"column":3}},"9":{"start":{"line":31,"column":34},"end":{"line":31,"column":42}},"10":{"start":{"line":34,"column":4},"end":{"line":38,"column":5}},"11":{"start":{"line":35,"column":6},"end":{"line":37,"column":9}},"12":{"start":{"line":41,"column":4},"end":{"line":45,"column":5}},"13":{"start":{"line":42,"column":6},"end":{"line":44,"column":9}},"14":{"start":{"line":48,"column":19},"end":{"line":48,"column":57}},"15":{"start":{"line":50,"column":4},"end":{"line":54,"column":7}},"16":{"start":{"line":57,"column":51},"end":{"line":61,"column":15}},"17":{"start":{"line":63,"column":4},"end":{"line":65,"column":5}},"18":{"start":{"line":64,"column":6},"end":{"line":64,"column":66}},"19":{"start":{"line":68,"column":57},"end":{"line":73,"column":15}},"20":{"start":{"line":75,"column":34},"end":{"line":75,"column":48}},"21":{"start":{"line":77,"column":4},"end":{"line":133,"column":5}},"22":{"start":{"line":78,"column":6},"end":{"line":83,"column":7}},"23":{"start":{"line":79,"column":8},"end":{"line":82,"column":11}},"24":{"start":{"line":86,"column":37},"end":{"line":91,"column":11}},"25":{"start":{"line":93,"column":6},"end":{"line":96,"column":7}},"26":{"start":{"line":94,"column":8},"end":{"line":94,"column":66}},"27":{"start":{"line":95,"column":8},"end":{"line":95,"column":76}},"28":{"start":{"line":98,"column":6},"end":{"line":98,"column":56}},"29":{"start":{"line":100,"column":6},"end":{"line":104,"column":9}},"30":{"start":{"line":107,"column":6},"end":{"line":112,"column":7}},"31":{"start":{"line":108,"column":8},"end":{"line":111,"column":11}},"32":{"start":{"line":115,"column":37},"end":{"line":119,"column":36}},"33":{"start":{"line":121,"column":6},"end":{"line":124,"column":7}},"34":{"start":{"line":122,"column":8},"end":{"line":122,"column":70}},"35":{"start":{"line":123,"column":8},"end":{"line":123,"column":81}},"36":{"start":{"line":126,"column":6},"end":{"line":126,"column":60}},"37":{"start":{"line":128,"column":6},"end":{"line":132,"column":9}},"38":{"start":{"line":136,"column":4},"end":{"line":136,"column":55}},"39":{"start":{"line":137,"column":4},"end":{"line":137,"column":61}},"40":{"start":{"line":142,"column":2},"end":{"line":212,"column":3}},"41":{"start":{"line":143,"column":41},"end":{"line":143,"column":50}},"42":{"start":{"line":146,"column":19},"end":{"line":146,"column":57}},"43":{"start":{"line":148,"column":20},"end":{"line":148,"column":49}},"44":{"start":{"line":149,"column":21},"end":{"line":149,"column":52}},"45":{"start":{"line":150,"column":19},"end":{"line":150,"column":43}},"46":{"start":{"line":152,"column":4},"end":{"line":152,"column":76}},"47":{"start":{"line":155,"column":58},"end":{"line":172,"column":43}},"48":{"start":{"line":174,"column":4},"end":{"line":177,"column":5}},"49":{"start":{"line":175,"column":6},"end":{"line":175,"column":65}},"50":{"start":{"line":176,"column":6},"end":{"line":176,"column":73}},"51":{"start":{"line":180,"column":41},"end":{"line":183,"column":28}},"52":{"start":{"line":185,"column":4},"end":{"line":188,"column":5}},"53":{"start":{"line":186,"column":6},"end":{"line":186,"column":68}},"54":{"start":{"line":187,"column":6},"end":{"line":187,"column":79}},"55":{"start":{"line":191,"column":29},"end":{"line":194,"column":13}},"56":{"start":{"line":191,"column":57},"end":{"line":194,"column":6}},"57":{"start":{"line":196,"column":4},"end":{"line":196,"column":70}},"58":{"start":{"line":198,"column":4},"end":{"line":207,"column":7}},"59":{"start":{"line":210,"column":4},"end":{"line":210,"column":56}},"60":{"start":{"line":211,"column":4},"end":{"line":211,"column":61}}},"fnMap":{"0":{"name":"handler","decl":{"start":{"line":16,"column":30},"end":{"line":16,"column":37}},"loc":{"start":{"line":18,"column":22},"end":{"line":27,"column":1}}},"1":{"name":"toggleWishlist","decl":{"start":{"line":29,"column":15},"end":{"line":29,"column":29}},"loc":{"start":{"line":29,"column":71},"end":{"line":139,"column":1}}},"2":{"name":"getUserWishlist","decl":{"start":{"line":141,"column":15},"end":{"line":141,"column":30}},"loc":{"start":{"line":141,"column":72},"end":{"line":213,"column":1}}},"3":{"name":"(anonymous_3)","decl":{"start":{"line":191,"column":48},"end":{"line":191,"column":52}},"loc":{"start":{"line":191,"column":57},"end":{"line":194,"column":6}}}},"branchMap":{"0":{"loc":{"start":{"line":20,"column":2},"end":{"line":26,"column":3}},"type":"if","locations":[{"start":{"line":20,"column":2},"end":{"line":26,"column":3}},{"start":{"line":22,"column":9},"end":{"line":26,"column":3}}]},"1":{"loc":{"start":{"line":22,"column":9},"end":{"line":26,"column":3}},"type":"if","locations":[{"start":{"line":22,"column":9},"end":{"line":26,"column":3}},{"start":{"line":24,"column":9},"end":{"line":26,"column":3}}]},"2":{"loc":{"start":{"line":34,"column":4},"end":{"line":38,"column":5}},"type":"if","locations":[{"start":{"line":34,"column":4},"end":{"line":38,"column":5}},{"start":{},"end":{}}]},"3":{"loc":{"start":{"line":34,"column":8},"end":{"line":34,"column":29}},"type":"binary-expr","locations":[{"start":{"line":34,"column":8},"end":{"line":34,"column":18}},{"start":{"line":34,"column":22},"end":{"line":34,"column":29}}]},"4":{"loc":{"start":{"line":41,"column":4},"end":{"line":45,"column":5}},"type":"if","locations":[{"start":{"line":41,"column":4},"end":{"line":45,"column":5}},{"start":{},"end":{}}]},"5":{"loc":{"start":{"line":41,"column":8},"end":{"line":41,"column":47}},"type":"binary-expr","locations":[{"start":{"line":41,"column":8},"end":{"line":41,"column":24}},{"start":{"line":41,"column":28},"end":{"line":41,"column":47}}]},"6":{"loc":{"start":{"line":63,"column":4},"end":{"line":65,"column":5}},"type":"if","locations":[{"start":{"line":63,"column":4},"end":{"line":65,"column":5}},{"start":{},"end":{}}]},"7":{"loc":{"start":{"line":63,"column":8},"end":{"line":63,"column":32}},"type":"binary-expr","locations":[{"start":{"line":63,"column":8},"end":{"line":63,"column":20}},{"start":{"line":63,"column":24},"end":{"line":63,"column":32}}]},"8":{"loc":{"start":{"line":77,"column":4},"end":{"line":133,"column":5}},"type":"if","locations":[{"start":{"line":77,"column":4},"end":{"line":133,"column":5}},{"start":{"line":106,"column":11},"end":{"line":133,"column":5}}]},"9":{"loc":{"start":{"line":78,"column":6},"end":{"line":83,"column":7}},"type":"if","locations":[{"start":{"line":78,"column":6},"end":{"line":83,"column":7}},{"start":{},"end":{}}]},"10":{"loc":{"start":{"line":93,"column":6},"end":{"line":96,"column":7}},"type":"if","locations":[{"start":{"line":93,"column":6},"end":{"line":96,"column":7}},{"start":{},"end":{}}]},"11":{"loc":{"start":{"line":107,"column":6},"end":{"line":112,"column":7}},"type":"if","locations":[{"start":{"line":107,"column":6},"end":{"line":112,"column":7}},{"start":{},"end":{}}]},"12":{"loc":{"start":{"line":121,"column":6},"end":{"line":124,"column":7}},"type":"if","locations":[{"start":{"line":121,"column":6},"end":{"line":124,"column":7}},{"start":{},"end":{}}]},"13":{"loc":{"start":{"line":143,"column":12},"end":{"line":143,"column":22}},"type":"default-arg","locations":[{"start":{"line":143,"column":19},"end":{"line":143,"column":22}}]},"14":{"loc":{"start":{"line":143,"column":24},"end":{"line":143,"column":36}},"type":"default-arg","locations":[{"start":{"line":143,"column":32},"end":{"line":143,"column":36}}]},"15":{"loc":{"start":{"line":148,"column":20},"end":{"line":148,"column":49}},"type":"binary-expr","locations":[{"start":{"line":148,"column":20},"end":{"line":148,"column":44}},{"start":{"line":148,"column":48},"end":{"line":148,"column":49}}]},"16":{"loc":{"start":{"line":149,"column":21},"end":{"line":149,"column":52}},"type":"binary-expr","locations":[{"start":{"line":149,"column":21},"end":{"line":149,"column":46}},{"start":{"line":149,"column":50},"end":{"line":149,"column":52}}]},"17":{"loc":{"start":{"line":174,"column":4},"end":{"line":177,"column":5}},"type":"if","locations":[{"start":{"line":174,"column":4},"end":{"line":177,"column":5}},{"start":{},"end":{}}]},"18":{"loc":{"start":{"line":185,"column":4},"end":{"line":188,"column":5}},"type":"if","locations":[{"start":{"line":185,"column":4},"end":{"line":188,"column":5}},{"start":{},"end":{}}]},"19":{"loc":{"start":{"line":191,"column":29},"end":{"line":194,"column":13}},"type":"binary-expr","locations":[{"start":{"line":191,"column":29},"end":{"line":194,"column":7}},{"start":{"line":194,"column":11},"end":{"line":194,"column":13}}]},"20":{"loc":{"start":{"line":191,"column":29},"end":{"line":194,"column":7}},"type":"cond-expr","locations":[{"start":{"line":191,"column":42},"end":{"line":191,"column":44}},{"start":{"line":191,"column":29},"end":{"line":194,"column":7}}]},"21":{"loc":{"start":{"line":191,"column":29},"end":{"line":191,"column":44}},"type":"binary-expr","locations":[{"start":{"line":191,"column":29},"end":{"line":191,"column":44}},{"start":{"line":191,"column":29},"end":{"line":191,"column":44}}]},"22":{"loc":{"start":{"line":203,"column":15},"end":{"line":203,"column":25}},"type":"binary-expr","locations":[{"start":{"line":203,"column":15},"end":{"line":203,"column":20}},{"start":{"line":203,"column":24},"end":{"line":203,"column":25}}]},"23":{"loc":{"start":{"line":204,"column":31},"end":{"line":204,"column":41}},"type":"binary-expr","locations":[{"start":{"line":204,"column":31},"end":{"line":204,"column":36}},{"start":{"line":204,"column":40},"end":{"line":204,"column":41}}]},"24":{"loc":{"start":{"line":206,"column":18},"end":{"line":206,"column":28}},"type":"binary-expr","locations":[{"start":{"line":206,"column":18},"end":{"line":206,"column":23}},{"start":{"line":206,"column":27},"end":{"line":206,"column":28}}]}},"s":{"0":1,"1":1,"2":1,"3":23,"4":12,"5":11,"6":6,"7":5,"8":12,"9":12,"10":12,"11":5,"12":7,"13":5,"14":2,"15":2,"16":2,"17":2,"18":2,"19":0,"20":0,"21":0,"22":0,"23":0,"24":0,"25":0,"26":0,"27":0,"28":0,"29":0,"30":0,"31":0,"32":0,"33":0,"34":0,"35":0,"36":0,"37":0,"38":0,"39":0,"40":6,"41":6,"42":6,"43":6,"44":6,"45":6,"46":6,"47":6,"48":6,"49":0,"50":0,"51":6,"52":6,"53":0,"54":0,"55":6,"56":0,"57":6,"58":6,"59":0,"60":0},"f":{"0":23,"1":12,"2":6,"3":0},"b":{"0":[12,11],"1":[6,5],"2":[5,7],"3":[12,9],"4":[5,2],"5":[7,6],"6":[2,0],"7":[2,2],"8":[0,0],"9":[0,0],"10":[0,0],"11":[0,0],"12":[0,0],"13":[3],"14":[3],"15":[6,1],"16":[6,1],"17":[0,6],"18":[0,6],"19":[6,6],"20":[6,0],"21":[6,6],"22":[6,6],"23":[6,6],"24":[6,6]}}
}
