TN:
SF:pages\api\health.ts
FN:3,handler
FNF:1
FNH:1
FNDA:4,handler
DA:3,1
DA:7,4
DA:8,1
DA:11,3
DA:13,3
DA:21,2
DA:23,1
DA:24,1
LF:8
LH:8
BRDA:7,0,0,1
BRDA:7,0,1,3
BRDA:17,1,0,2
BRDA:17,1,1,0
BRDA:18,2,0,2
BRDA:18,2,1,0
BRF:6
BRH:4
end_of_record
TN:
SF:pages\api\reviews.ts
FN:16,handler
FN:29,createReview
FN:133,getReviews
FN:198,(anonymous_3)
FNF:4
FNH:0
FNDA:0,handler
FNDA:0,createReview
FNDA:0,getReviews
FNDA:0,(anonymous_3)
DA:2,0
DA:4,0
DA:16,0
DA:20,0
DA:21,0
DA:22,0
DA:23,0
DA:25,0
DA:30,0
DA:31,0
DA:34,0
DA:35,0
DA:41,0
DA:42,0
DA:48,0
DA:49,0
DA:54,0
DA:55,0
DA:61,0
DA:63,0
DA:71,0
DA:77,0
DA:78,0
DA:82,0
DA:89,0
DA:90,0
DA:96,0
DA:108,0
DA:109,0
DA:110,0
DA:113,0
DA:115,0
DA:128,0
DA:129,0
DA:134,0
DA:135,0
DA:137,0
DA:138,0
DA:141,0
DA:142,0
DA:145,0
DA:148,0
DA:151,0
DA:153,0
DA:156,0
DA:172,0
DA:173,0
DA:174,0
DA:178,0
DA:184,0
DA:185,0
DA:186,0
DA:190,0
DA:196,0
DA:197,0
DA:198,0
DA:199,0
DA:202,0
DA:204,0
DA:217,0
DA:218,0
LF:61
LH:0
BRDA:20,0,0,0
BRDA:20,0,1,0
BRDA:22,1,0,0
BRDA:22,1,1,0
BRDA:34,2,0,0
BRDA:34,2,1,0
BRDA:34,3,0,0
BRDA:34,3,1,0
BRDA:34,3,2,0
BRDA:41,4,0,0
BRDA:41,4,1,0
BRDA:41,5,0,0
BRDA:41,5,1,0
BRDA:48,6,0,0
BRDA:48,6,1,0
BRDA:54,7,0,0
BRDA:54,7,1,0
BRDA:77,8,0,0
BRDA:77,8,1,0
BRDA:77,9,0,0
BRDA:77,9,1,0
BRDA:89,10,0,0
BRDA:89,10,1,0
BRDA:108,11,0,0
BRDA:108,11,1,0
BRDA:135,12,0,0
BRDA:135,13,0,0
BRDA:137,14,0,0
BRDA:137,14,1,0
BRDA:145,15,0,0
BRDA:145,15,1,0
BRDA:145,16,0,0
BRDA:145,16,1,0
BRDA:145,16,2,0
BRDA:145,16,3,0
BRDA:145,16,4,0
BRDA:145,16,5,0
BRDA:172,17,0,0
BRDA:172,17,1,0
BRDA:184,18,0,0
BRDA:184,18,1,0
BRDA:197,19,0,0
BRDA:197,19,1,0
BRDA:197,20,0,0
BRDA:197,20,1,0
BRDA:202,21,0,0
BRDA:202,21,1,0
BRDA:205,22,0,0
BRDA:205,22,1,0
BRDA:209,23,0,0
BRDA:209,23,1,0
BRDA:210,24,0,0
BRDA:210,24,1,0
BRDA:213,25,0,0
BRDA:213,25,1,0
BRF:55
BRH:0
end_of_record
TN:
SF:pages\api\wishlist.ts
FN:16,handler
FN:29,toggleWishlist
FN:141,getUserWishlist
FN:199,(anonymous_3)
FNF:4
FNH:0
FNDA:0,handler
FNDA:0,toggleWishlist
FNDA:0,getUserWishlist
FNDA:0,(anonymous_3)
DA:2,0
DA:4,0
DA:16,0
DA:20,0
DA:21,0
DA:22,0
DA:23,0
DA:25,0
DA:30,0
DA:31,0
DA:34,0
DA:35,0
DA:41,0
DA:42,0
DA:48,0
DA:50,0
DA:57,0
DA:63,0
DA:64,0
DA:68,0
DA:75,0
DA:77,0
DA:78,0
DA:79,0
DA:86,0
DA:93,0
DA:94,0
DA:95,0
DA:98,0
DA:100,0
DA:107,0
DA:108,0
DA:115,0
DA:121,0
DA:122,0
DA:123,0
DA:126,0
DA:128,0
DA:136,0
DA:137,0
DA:142,0
DA:143,0
DA:146,0
DA:148,0
DA:149,0
DA:152,0
DA:155,0
DA:158,0
DA:160,0
DA:163,0
DA:182,0
DA:183,0
DA:184,0
DA:188,0
DA:193,0
DA:194,0
DA:195,0
DA:199,0
DA:204,0
DA:206,0
DA:218,0
DA:219,0
LF:62
LH:0
BRDA:20,0,0,0
BRDA:20,0,1,0
BRDA:22,1,0,0
BRDA:22,1,1,0
BRDA:34,2,0,0
BRDA:34,2,1,0
BRDA:34,3,0,0
BRDA:34,3,1,0
BRDA:41,4,0,0
BRDA:41,4,1,0
BRDA:41,5,0,0
BRDA:41,5,1,0
BRDA:63,6,0,0
BRDA:63,6,1,0
BRDA:63,7,0,0
BRDA:63,7,1,0
BRDA:77,8,0,0
BRDA:77,8,1,0
BRDA:78,9,0,0
BRDA:78,9,1,0
BRDA:93,10,0,0
BRDA:93,10,1,0
BRDA:107,11,0,0
BRDA:107,11,1,0
BRDA:121,12,0,0
BRDA:121,12,1,0
BRDA:143,13,0,0
BRDA:143,14,0,0
BRDA:152,15,0,0
BRDA:152,15,1,0
BRDA:152,16,0,0
BRDA:152,16,1,0
BRDA:152,16,2,0
BRDA:152,16,3,0
BRDA:152,16,4,0
BRDA:152,16,5,0
BRDA:182,17,0,0
BRDA:182,17,1,0
BRDA:193,18,0,0
BRDA:193,18,1,0
BRDA:199,19,0,0
BRDA:199,19,1,0
BRDA:211,20,0,0
BRDA:211,20,1,0
BRDA:212,21,0,0
BRDA:212,21,1,0
BRDA:214,22,0,0
BRDA:214,22,1,0
BRF:48
BRH:0
end_of_record
