TN:
SF:pages\api\cart.ts
FN:46,handler
FN:82,getCart
FN:118,(anonymous_2)
FN:124,(anonymous_3)
FN:138,addToCart
FN:237,updateCartItem
FN:298,removeFromCart
FNF:7
FNH:7
FNDA:23,handler
FNDA:7,getCart
FNDA:3,(anonymous_2)
FNDA:3,(anonymous_3)
FNDA:10,addToCart
FNDA:5,updateCartItem
FNDA:4,removeFromCart
DA:3,1
DA:34,1
DA:46,1
DA:52,23
DA:54,23
DA:55,0
DA:58,23
DA:59,23
DA:61,2
DA:64,10
DA:67,5
DA:70,4
DA:73,2
DA:76,0
DA:77,0
DA:83,7
DA:85,7
DA:111,7
DA:112,1
DA:113,1
DA:118,6
DA:119,3
DA:120,3
DA:124,6
DA:126,6
DA:130,6
DA:143,10
DA:145,10
DA:146,1
DA:152,9
DA:153,1
DA:159,8
DA:164,8
DA:170,8
DA:171,4
DA:176,4
DA:177,1
DA:184,3
DA:191,3
DA:193,2
DA:195,2
DA:196,1
DA:202,1
DA:210,1
DA:211,0
DA:212,0
DA:215,1
DA:218,1
DA:224,1
DA:225,0
DA:226,0
DA:229,1
DA:233,2
DA:242,5
DA:244,5
DA:245,1
DA:251,4
DA:252,1
DA:258,3
DA:260,3
DA:262,1
DA:268,1
DA:269,0
DA:270,0
DA:273,1
DA:276,2
DA:285,2
DA:286,1
DA:287,1
DA:290,1
DA:294,2
DA:303,4
DA:306,4
DA:307,2
DA:309,2
DA:314,2
DA:315,1
DA:316,1
DA:319,1
DA:322,1
DA:330,2
DA:332,2
DA:338,2
DA:339,1
DA:340,1
DA:343,1
DA:346,1
LF:87
LH:78
BRDA:54,0,0,0
BRDA:54,0,1,23
BRDA:59,1,0,2
BRDA:59,1,1,10
BRDA:59,1,2,5
BRDA:59,1,3,4
BRDA:59,1,4,2
BRDA:111,2,0,1
BRDA:111,2,1,6
BRDA:118,3,0,6
BRDA:118,3,1,3
BRDA:119,4,0,3
BRDA:119,4,1,0
BRDA:124,5,0,6
BRDA:124,5,1,3
BRDA:131,6,0,6
BRDA:131,6,1,0
BRDA:143,7,0,0
BRDA:145,8,0,1
BRDA:145,8,1,9
BRDA:152,9,0,1
BRDA:152,9,1,8
BRDA:152,10,0,9
BRDA:152,10,1,8
BRDA:170,11,0,4
BRDA:170,11,1,4
BRDA:170,12,0,8
BRDA:170,12,1,5
BRDA:176,13,0,1
BRDA:176,13,1,3
BRDA:191,14,0,2
BRDA:191,14,1,1
BRDA:195,15,0,1
BRDA:195,15,1,1
BRDA:210,16,0,0
BRDA:210,16,1,1
BRDA:224,17,0,0
BRDA:224,17,1,1
BRDA:244,18,0,1
BRDA:244,18,1,4
BRDA:244,19,0,5
BRDA:244,19,1,4
BRDA:251,20,0,1
BRDA:251,20,1,3
BRDA:251,21,0,4
BRDA:251,21,1,4
BRDA:260,22,0,1
BRDA:260,22,1,2
BRDA:268,23,0,0
BRDA:268,23,1,1
BRDA:285,24,0,1
BRDA:285,24,1,1
BRDA:306,25,0,2
BRDA:306,25,1,2
BRDA:314,26,0,1
BRDA:314,26,1,1
BRDA:338,27,0,1
BRDA:338,27,1,1
BRF:58
BRH:51
end_of_record
TN:
SF:pages\api\checkout.ts
FN:9,handler
FN:26,(anonymous_2)
FNF:2
FNH:2
FNDA:6,handler
FNDA:3,(anonymous_2)
DA:3,1
DA:5,1
DA:9,1
DA:13,6
DA:14,1
DA:17,5
DA:18,5
DA:20,5
DA:21,1
DA:24,4
DA:26,3
DA:46,1
DA:52,1
DA:58,3
DA:59,3
LF:15
LH:15
BRDA:13,0,0,1
BRDA:13,0,1,5
BRDA:20,1,0,1
BRDA:20,1,1,4
BRDA:38,2,0,4
BRDA:38,2,1,4
BRDA:40,3,0,4
BRDA:40,3,1,4
BRF:8
BRH:8
end_of_record
